# JRE version: Java(TM) SE Runtime Environment (8.0_191-b12) (build 1.8.0_191-b12)
# Java VM: Java HotSpot(TM) 64-Bit Server VM (25.191-b12 mixed mode linux-amd64 compressed oops)
Heap:
 PSYoungGen      total 366592K, used 11769K [0x0000000783000000, 0x000000079b400000, 0x00000007c0000000)
  eden space 354816K, 0% used [0x0000000783000000,0x0000000783000000,0x0000000798a80000)
  from space 11776K, 99% used [0x0000000799d00000,0x000000079a87e700,0x000000079a880000)
  to   space 9728K, 0% used [0x000000079aa80000,0x000000079aa80000,0x000000079b400000)
 ParOldGen       total 59904K, used 16866K [0x0000000709000000, 0x000000070ca80000, 0x0000000783000000)
  object space 59904K, 28% used [0x0000000709000000,0x000000070a078a70,0x000000070ca80000)
 Metaspace       used 34198K, capacity 35976K, committed 36048K, reserved 1081344K
  class space    used 4684K, capacity 5048K, committed 5120K, reserved 1048576K
GC Heap History (10 events):
Event: 2.736 GC heap after
Heap after GC invocations=3 (full 0):
 PSYoungGen      total 101888K, used 7676K [0x0000000783000000, 0x000000078f700000, 0x00000007c0000000)
  eden space 94208K, 0% used [0x0000000783000000,0x0000000783000000,0x0000000788c00000)
  from space 7680K, 99% used [0x0000000788c00000,0x000000078937f1a8,0x0000000789380000)
  to   space 7680K, 0% used [0x000000078ef80000,0x000000078ef80000,0x000000078f700000)
 ParOldGen       total 125952K, used 2134K [0x0000000709000000, 0x0000000710b00000, 0x0000000783000000)
  object space 125952K, 1% used [0x0000000709000000,0x0000000709215a08,0x0000000710b00000)
 Metaspace       used 18046K, capacity 18704K, committed 18816K, reserved 1064960K
  class space    used 2444K, capacity 2642K, committed 2688K, reserved 1048576K
}
Event: 2.933 GC heap before
{Heap before GC invocations=4 (full 0):
 PSYoungGen      total 101888K, used 38391K [0x0000000783000000, 0x000000078f700000, 0x00000007c0000000)
  eden space 94208K, 32% used [0x0000000783000000,0x0000000784dfee10,0x0000000788c00000)
  from space 7680K, 99% used [0x0000000788c00000,0x000000078937f1a8,0x0000000789380000)
  to   space 7680K, 0% used [0x000000078ef80000,0x000000078ef80000,0x000000078f700000)
 ParOldGen       total 125952K, used 2134K [0x0000000709000000, 0x0000000710b00000, 0x0000000783000000)
  object space 125952K, 1% used [0x0000000709000000,0x0000000709215a08,0x0000000710b00000)
 Metaspace       used 20660K, capacity 21306K, committed 21376K, reserved 1067008K
  class space    used 2764K, capacity 2933K, committed 2944K, reserved 1048576K
Event: 2.944 GC heap after
Heap after GC invocations=4 (full 0):
 PSYoungGen      total 196096K, used 7648K [0x0000000783000000, 0x000000078f700000, 0x00000007c0000000)
  eden space 188416K, 0% used [0x0000000783000000,0x0000000783000000,0x000000078e800000)
  from space 7680K, 99% used [0x000000078ef80000,0x000000078f6f80a8,0x000000078f700000)
  to   space 7680K, 0% used [0x000000078e800000,0x000000078e800000,0x000000078ef80000)
 ParOldGen       total 125952K, used 2832K [0x0000000709000000, 0x0000000710b00000, 0x0000000783000000)
  object space 125952K, 2% used [0x0000000709000000,0x00000007092c41f0,0x0000000710b00000)
 Metaspace       used 20660K, capacity 21306K, committed 21376K, reserved 1067008K
  class space    used 2764K, capacity 2933K, committed 2944K, reserved 1048576K
}
Event: 2.951 GC heap before
{Heap before GC invocations=5 (full 0):
 PSYoungGen      total 196096K, used 10826K [0x0000000783000000, 0x000000078f700000, 0x00000007c0000000)
  eden space 188416K, 1% used [0x0000000783000000,0x000000078331a808,0x000000078e800000)
  from space 7680K, 99% used [0x000000078ef80000,0x000000078f6f80a8,0x000000078f700000)
  to   space 7680K, 0% used [0x000000078e800000,0x000000078e800000,0x000000078ef80000)
 ParOldGen       total 125952K, used 2832K [0x0000000709000000, 0x0000000710b00000, 0x0000000783000000)
  object space 125952K, 2% used [0x0000000709000000,0x00000007092c41f0,0x0000000710b00000)
 Metaspace       used 20753K, capacity 21370K, committed 21628K, reserved 1069056K
  class space    used 2772K, capacity 2933K, committed 2944K, reserved 1048576K
Event: 2.959 GC heap after
Heap after GC invocations=5 (full 0):
 PSYoungGen      total 196096K, used 6160K [0x0000000783000000, 0x000000079b500000, 0x00000007c0000000)
  eden space 188416K, 0% used [0x0000000783000000,0x0000000783000000,0x000000078e800000)
  from space 7680K, 80% used [0x000000078e800000,0x000000078ee04280,0x000000078ef80000)
  to   space 10752K, 0% used [0x000000079aa80000,0x000000079aa80000,0x000000079b500000)
 ParOldGen       total 125952K, used 2832K [0x0000000709000000, 0x0000000710b00000, 0x0000000783000000)
  object space 125952K, 2% used [0x0000000709000000,0x00000007092c41f0,0x0000000710b00000)
 Metaspace       used 20753K, capacity 21370K, committed 21628K, reserved 1069056K
  class space    used 2772K, capacity 2933K, committed 2944K, reserved 1048576K
}
Event: 2.959 GC heap before
{Heap before GC invocations=6 (full 1):
 PSYoungGen      total 196096K, used 6160K [0x0000000783000000, 0x000000079b500000, 0x00000007c0000000)
  eden space 188416K, 0% used [0x0000000783000000,0x0000000783000000,0x000000078e800000)
  from space 7680K, 80% used [0x000000078e800000,0x000000078ee04280,0x000000078ef80000)
  to   space 10752K, 0% used [0x000000079aa80000,0x000000079aa80000,0x000000079b500000)
 ParOldGen       total 125952K, used 2832K [0x0000000709000000, 0x0000000710b00000, 0x0000000783000000)
  object space 125952K, 2% used [0x0000000709000000,0x00000007092c41f0,0x0000000710b00000)
 Metaspace       used 20753K, capacity 21370K, committed 21628K, reserved 1069056K
  class space    used 2772K, capacity 2933K, committed 2944K, reserved 1048576K
Event: 3.006 GC heap after
Heap after GC invocations=6 (full 1):
 PSYoungGen      total 196096K, used 0K [0x0000000783000000, 0x000000079b500000, 0x00000007c0000000)
  eden space 188416K, 0% used [0x0000000783000000,0x0000000783000000,0x000000078e800000)
  from space 7680K, 0% used [0x000000078e800000,0x000000078e800000,0x000000078ef80000)
  to   space 10752K, 0% used [0x000000079aa80000,0x000000079aa80000,0x000000079b500000)
 ParOldGen       total 59904K, used 6077K [0x0000000709000000, 0x000000070ca80000, 0x0000000783000000)
  object space 59904K, 10% used [0x0000000709000000,0x00000007095ef5a0,0x000000070ca80000)
 Metaspace       used 20753K, capacity 21370K, committed 21628K, reserved 1069056K
  class space    used 2772K, capacity 2933K, committed 2944K, reserved 1048576K
}
Event: 4.484 GC heap before
{Heap before GC invocations=7 (full 1):
 PSYoungGen      total 196096K, used 188416K [0x0000000783000000, 0x000000079b500000, 0x00000007c0000000)
  eden space 188416K, 100% used [0x0000000783000000,0x000000078e800000,0x000000078e800000)
  from space 7680K, 0% used [0x000000078e800000,0x000000078e800000,0x000000078ef80000)
  to   space 10752K, 0% used [0x000000079aa80000,0x000000079aa80000,0x000000079b500000)
 ParOldGen       total 59904K, used 6077K [0x0000000709000000, 0x000000070ca80000, 0x0000000783000000)
  object space 59904K, 10% used [0x0000000709000000,0x00000007095ef5a0,0x000000070ca80000)
 Metaspace       used 24709K, capacity 25656K, committed 25980K, reserved 1071104K
  class space    used 3355K, capacity 3597K, committed 3712K, reserved 1048576K
Event: 4.497 GC heap after
Heap after GC invocations=7 (full 1):
 PSYoungGen      total 364544K, used 9603K [0x0000000783000000, 0x000000079b400000, 0x00000007c0000000)
  eden space 354816K, 0% used [0x0000000783000000,0x0000000783000000,0x0000000798a80000)
  from space 9728K, 98% used [0x000000079aa80000,0x000000079b3e0ef8,0x000000079b400000)
  to   space 11776K, 0% used [0x0000000799d00000,0x0000000799d00000,0x000000079a880000)
 ParOldGen       total 59904K, used 6077K [0x0000000709000000, 0x000000070ca80000, 0x0000000783000000)
  object space 59904K, 10% used [0x0000000709000000,0x00000007095ef5a0,0x000000070ca80000)
 Metaspace       used 24709K, capacity 25656K, committed 25980K, reserved 1071104K
  class space    used 3355K, capacity 3597K, committed 3712K, reserved 1048576K
}
Event: 67.302 GC heap before
{Heap before GC invocations=8 (full 1):
 PSYoungGen      total 364544K, used 351923K [0x0000000783000000, 0x000000079b400000, 0x00000007c0000000)
  eden space 354816K, 96% used [0x0000000783000000,0x0000000797e4c0a8,0x0000000798a80000)
  from space 9728K, 98% used [0x000000079aa80000,0x000000079b3e0ef8,0x000000079b400000)
  to   space 11776K, 0% used [0x0000000799d00000,0x0000000799d00000,0x000000079a880000)
 ParOldGen       total 59904K, used 6077K [0x0000000709000000, 0x000000070ca80000, 0x0000000783000000)
  object space 59904K, 10% used [0x0000000709000000,0x00000007095ef5a0,0x000000070ca80000)
 Metaspace       used 34198K, capacity 35976K, committed 36048K, reserved 1081344K
  class space    used 4684K, capacity 5048K, committed 5120K, reserved 1048576K

